  main.cpp
C:\Users\user\Desktop\ptt finish\Viewer.h(84,23): warning C4018: '<': signed/unsigned 不相符
C:\Users\user\Desktop\ptt finish\Viewer.h(276,23): warning C4018: '<': signed/unsigned 不相符
C:\Users\user\Desktop\ptt finish\Viewer.h(313,15): warning C4244: '引數': 將 'time_t' 轉換為 'unsigned int'，由於類型不同，可能導致資料遺失
C:\Users\user\Desktop\ptt finish\Viewer.h(331,15): warning C4244: '引數': 將 'time_t' 轉換為 'unsigned int'，由於類型不同，可能導致資料遺失
C:\Users\user\Desktop\ptt finish\Guess.h(33,12): warning C4244: '引數': 將 'time_t' 轉換為 'unsigned int'，由於類型不同，可能導致資料遺失
C:\Users\user\Desktop\ptt finish\Betting.h(185,20): warning C4018: '<': signed/unsigned 不相符
C:\Users\user\Desktop\ptt finish\Betting.h(204,20): warning C4018: '<': signed/unsigned 不相符
C:\Users\user\Desktop\ptt finish\SlotMachine.h(84,15): warning C4244: '引數': 將 'time_t' 轉換為 'unsigned int'，由於類型不同，可能導致資料遺失
C:\Users\user\Desktop\ptt finish\BoardManager.h(574,14): warning C4018: '<': signed/unsigned 不相符
C:\Users\user\Desktop\ptt finish\BoardManager.h(786,14): warning C4018: '<': signed/unsigned 不相符
C:\Users\user\Desktop\ptt finish\BoardManager.h(922,14): warning C4018: '<': signed/unsigned 不相符
C:\Users\user\Desktop\ptt finish\BoardManager.h(997,13): warning C4018: '<': signed/unsigned 不相符
C:\Users\user\Desktop\ptt finish\BoardManager.h(1051,13): warning C4018: '<': signed/unsigned 不相符
C:\Users\user\Desktop\ptt finish\BoardManager.h(1140,13): warning C4018: '<': signed/unsigned 不相符
C:\Users\user\Desktop\ptt finish\BoardManager.h(1234,13): warning C4018: '<': signed/unsigned 不相符
C:\Users\user\Desktop\ptt finish\BoardManager.h(1456,16): warning C4018: '<': signed/unsigned 不相符
C:\Users\user\Desktop\ptt finish\BoardManager.h(1490,13): warning C4018: '<': signed/unsigned 不相符
C:\Users\user\Desktop\ptt finish\SlotMachine.h(78): warning C4715: 'Slot::Play': 不是所有控制路徑都傳回值
  ptt.vcxproj -> C:\Users\user\Desktop\ptt finish\Debug\ptt.exe
